<?xml version="1.0" encoding="UTF-8"?>
<testng-results total="1" passed="1" failed="0" skipped="0">
  <reporter-output>
  </reporter-output>
  <suite started-at="2018-09-10T16:51:46Z" name="Default suite" finished-at="2018-09-10T16:51:48Z" duration-ms="2000">
    <groups>
    </groups>
    <test started-at="2018-09-10T16:51:46Z" name="Default test" finished-at="2018-09-10T16:51:48Z" duration-ms="2000">
      <class name="com.shaanstraining.ui.pages.HomePageTest">
        <test-method signature="search()[pri:0, instance:com.shaanstraining.ui.pages.HomePageTest@30af7377]" started-at="2018-09-10T17:51:46Z" name="search" finished-at="2018-09-10T17:51:48Z" duration-ms="1971" status="PASS">
          <reporter-output>
          </reporter-output>
        </test-method> <!-- search -->
      </class> <!-- com.shaanstraining.ui.pages.HomePageTest -->
    </test> <!-- Default test -->
  </suite> <!-- Default suite -->
</testng-results>
